<?xml version="1.0" encoding="UTF-8"?>
<!-- Generated by org.testng.reporters.JUnitReportReporter -->
<testsuite hostname="DESKTOP-3I769D5" name="com.mybatis.util.DBToolTest" tests="1" failures="0" timestamp="12 Dec 2016 14:55:56 GMT" time="0.459" errors="0">
  <testcase name="testDeleteUser" time="0.459" classname="com.mybatis.util.DBToolTest"/>
</testsuite> <!-- com.mybatis.util.DBToolTest -->
