<?xml version="1.0" encoding="UTF-8"?>
<!-- Generated by org.testng.reporters.JUnitReportReporter -->
<testsuite hostname="caiwen0" name="com.mybatis.util.DBToolTest" tests="1" failures="0" timestamp="13 Dec 2016 09:21:25 GMT" time="2.340" errors="0">
  <testcase name="testGetUserById" time="2.340" classname="com.mybatis.util.DBToolTest"/>
</testsuite> <!-- com.mybatis.util.DBToolTest -->
